<?xml version="1.0" encoding="UTF-8"?>
<!-- Generated by org.testng.reporters.JUnitReportReporter -->
<testsuite name="com.course.cases.UpdateUserInfoTest" tests="2" time="0.000" ignored="0" failures="0" timestamp="24 八月 2018 08:58:27 GMT" skipped="2" hostname="Lenovo-PC" errors="0">
  <testcase name="updateUserInfo" time="0.000" classname="com.course.cases.UpdateUserInfoTest">
    <skipped/>
  </testcase> <!-- updateUserInfo -->
  <testcase name="deleteUser" time="0.000" classname="com.course.cases.UpdateUserInfoTest">
    <skipped/>
  </testcase> <!-- deleteUser -->
</testsuite> <!-- com.course.cases.UpdateUserInfoTest -->
