<?xml version="1.0" encoding="UTF-8"?>
<!-- Generated by org.testng.reporters.JUnitReportReporter -->
<testsuite name="com.course.cases.GetUserInfoListTest" tests="1" time="0.000" ignored="0" failures="0" timestamp="24 八月 2018 08:58:27 GMT" skipped="1" hostname="Lenovo-PC" errors="0">
  <testcase name="getUserListInfo" time="0.000" classname="com.course.cases.GetUserInfoListTest">
    <skipped/>
  </testcase> <!-- getUserListInfo -->
</testsuite> <!-- com.course.cases.GetUserInfoListTest -->
